<?xml version="1.0" encoding="UTF-8" ?>
<testsuite tests="8" failures="0" name="com.homesweethome.javacodingproblems.chapter01.CountingDuplicateCharactersTest" time="0.022" errors="0" skipped="0">
  <properties>
[...]
</properties>
  <testcase classname="com.homesweethome.javacodingproblems.chapter01.CountingDuplicateCharactersTest" name="com.homesweethome.javacodingproblems.chapter01.CountingDuplicateCharactersTest.testSummaryWithASentenceWithOneCharacterDuplicated" time="0.021"/>
  <testcase classname="com.homesweethome.javacodingproblems.chapter01.CountingDuplicateCharactersTest" name="com.homesweethome.javacodingproblems.chapter01.CountingDuplicateCharactersTest.testInspectWithASentenceWithNoDuplicateCharacters" time="0"/>
  <testcase classname="com.homesweethome.javacodingproblems.chapter01.CountingDuplicateCharactersTest" name="com.homesweethome.javacodingproblems.chapter01.CountingDuplicateCharactersTest.testSummaryWithASentenceWithAllCharactersDuplicated" time="0.001"/>
  <testcase classname="com.homesweethome.javacodingproblems.chapter01.CountingDuplicateCharactersTest" name="com.homesweethome.javacodingproblems.chapter01.CountingDuplicateCharactersTest.testInspectWithASentenceWithAllCharactersDuplicated" time="0"/>
  <testcase classname="com.homesweethome.javacodingproblems.chapter01.CountingDuplicateCharactersTest" name="com.homesweethome.javacodingproblems.chapter01.CountingDuplicateCharactersTest.testInspectWithEmptySentence" time="0"/>
  <testcase classname="com.homesweethome.javacodingproblems.chapter01.CountingDuplicateCharactersTest" name="com.homesweethome.javacodingproblems.chapter01.CountingDuplicateCharactersTest.testSummary" time="0"/>
  <testcase classname="com.homesweethome.javacodingproblems.chapter01.CountingDuplicateCharactersTest" name="com.homesweethome.javacodingproblems.chapter01.CountingDuplicateCharactersTest.testInspect" time="0"/>
  <testcase classname="com.homesweethome.javacodingproblems.chapter01.CountingDuplicateCharactersTest" name="com.homesweethome.javacodingproblems.chapter01.CountingDuplicateCharactersTest.testMain" time="0"/>
</testsuite>